[2024-05-23 19:46:25] [ WARN ] [BD:34] La columna "EMAIL" no permite valores nulos (NULL)
NULL not allowed for column "EMAIL"; SQL statement:
INSERT INTO PACIENTES (NOMBRE, APELLIDO, CEDULA, FECHA_INGRESO, DOMICILIO_ID) VALUES ('Jorgito','Pereyra','111111','2024-05-16', 1), ('German','Fraire','22222','2024-05-10',2) [23502-224]
[2024-05-23 19:46:25] [ INFO ] [PacienteDAOH2:70] iniciando la operacion de buscado de un paciente con id : 2
[2024-05-23 19:48:18] [ WARN ] [BD:34] La cantidad de columnas no coincide
Column count does not match; SQL statement:
INSERT INTO PACIENTES (NOMBRE, APELLIDO, CEDULA, FECHA_INGRESO, DOMICILIO_ID) VALUES ('Jorgito','Pereyra','111111','2024-05-16', 1, 'jorge.pereyra@digitalhouse.com'), ('German','Fraire','22222','2024-05-10',2,'german@german.com'); INSERT INTO DOMICILIOS  (CALLE, NUMERO, LOCALIDAD, PROVINCIA) VALUES ('Siempre Viva',742,'Springfield','USA'),('Av. Uruguay',345,'Punta del Este','Uruguay') [21002-224]
[2024-05-23 19:48:18] [ INFO ] [PacienteDAOH2:70] iniciando la operacion de buscado de un paciente con id : 2
[2024-05-23 19:53:34] [ WARN ] [BD:34] La cantidad de columnas no coincide
Column count does not match; SQL statement:
INSERT INTO PACIENTES (NOMBRE, APELLIDO, CEDULA, FECHA_INGRESO, DOMICILIO_ID) VALUES ('Jorgito','Pereyra','111111','2024-05-16', 1, 'jorge.pereyra@digitalhouse.com'), ('German','Fraire','22222','2024-05-10',2,'german@german.com'); INSERT INTO DOMICILIOS  (CALLE, NUMERO, LOCALIDAD, PROVINCIA) VALUES ('Siempre Viva',742,'Springfield','USA'),('Av. Uruguay',345,'Punta del Este','Uruguay') [21002-224]
[2024-05-23 19:56:55] [ INFO ] [BD:29] tabla creada con exito
[2024-05-23 19:58:18] [ INFO ] [PacienteDAOH2:176] iniciando la búsqueda por email: jorge.pereyra@digitalhouse.com
[2024-05-23 19:58:18] [ INFO ] [DomicilioDAOH2:57] iniciando la busqueda de un domicilio con id: 1
[2024-05-23 19:59:47] [ INFO ] [PacienteDAOH2:176] iniciando la búsqueda por email: jorge.pereyra@digitalhouse.com
[2024-05-23 19:59:47] [ INFO ] [DomicilioDAOH2:57] iniciando la busqueda de un domicilio con id: 1
[2024-05-23 19:59:59] [ INFO ] [BD:29] tabla creada con exito
[2024-05-23 20:03:23] [ INFO ] [PacienteDAOH2:176] iniciando la búsqueda por email: jorge.pereyra@digitalhouse.com
[2024-05-23 20:03:23] [ INFO ] [DomicilioDAOH2:57] iniciando la busqueda de un domicilio con id: 1
[2024-05-23 20:03:25] [ INFO ] [BD:29] tabla creada con exito
[2024-05-23 20:03:29] [ INFO ] [PacienteDAOH2:176] iniciando la búsqueda por email: jorge.pereyra@digitalhouse.com
[2024-05-23 20:03:29] [ INFO ] [DomicilioDAOH2:57] iniciando la busqueda de un domicilio con id: 1
[2024-05-23 20:03:41] [ INFO ] [PacienteDAOH2:176] iniciando la búsqueda por email: jorge.pereyra@digitalhouse.com
[2024-05-23 20:03:41] [ INFO ] [DomicilioDAOH2:57] iniciando la busqueda de un domicilio con id: 1
[2024-05-23 20:03:45] [ INFO ] [PacienteDAOH2:176] iniciando la búsqueda por email: jorge.pereyra@digitalhouse.com
[2024-05-23 20:03:45] [ INFO ] [DomicilioDAOH2:57] iniciando la busqueda de un domicilio con id: 1
[2024-05-23 20:03:52] [ INFO ] [BD:29] tabla creada con exito
[2024-05-23 20:03:59] [ INFO ] [PacienteDAOH2:176] iniciando la búsqueda por email: jorge.pereyra@digitalhouse.com
[2024-05-23 20:03:59] [ INFO ] [DomicilioDAOH2:57] iniciando la busqueda de un domicilio con id: 1
[2024-05-23 20:27:28] [ INFO ] [BD:29] tabla creada con exito
[2024-05-23 20:28:24] [ INFO ] [PacienteDAOH2:176] iniciando la búsqueda por email: jorge.pereyra@digitalhouse.com
[2024-05-23 20:28:24] [ INFO ] [DomicilioDAOH2:57] iniciando la busqueda de un domicilio con id: 1
[2024-05-23 20:29:09] [ INFO ] [OdontologoDAOH2:50] iniciando la busqueda de un odontologo con id: 1
[2024-05-23 20:29:09] [ ERROR] [OdontologoDAOH2:64] Tabla "ODONTOLOGOS" no encontrada
Table "ODONTOLOGOS" not found; SQL statement:
SELECT * FROM ODONTOLOGOS WHERE ID=? [42102-224]
[2024-05-23 20:34:17] [ INFO ] [BD_OD:22] tabla creada con exito
[2024-05-23 20:34:29] [ INFO ] [OdontologoDAOH2:50] iniciando la busqueda de un odontologo con id: 1
[2024-05-28 18:52:15] [ INFO ] [BD_OD:22] tabla creada con exito
[2024-05-28 18:54:46] [ INFO ] [BD_OD:22] tabla creada con exito
[2024-05-28 19:06:23] [ INFO ] [BD_OD:22] tabla creada con exito
[2024-05-28 19:08:32] [ INFO ] [BD_OD:22] tabla creada con exito
[2024-05-28 19:10:35] [ INFO ] [PacienteDAOH2:29] iniciando el guardado o agregado de paciente: Julian
[2024-05-28 19:10:35] [ INFO ] [DomicilioDAOH2:28] inicio del Guardado o agregado de domicilio: null
[2024-05-28 19:10:35] [ ERROR] [DomicilioDAOH2:53] Tabla "DOMICILIOS" no encontrada
Table "DOMICILIOS" not found; SQL statement:
INSERT INTO DOMICILIOS(CALLE, NUMERO, LOCALIDAD, PROVINCIA) VALUES(?,?,?,?) [42102-224]
[2024-05-28 19:10:35] [ ERROR] [PacienteDAOH2:64] Tabla "PACIENTES" no encontrada
Table "PACIENTES" not found; SQL statement:
INSERT INTO PACIENTES(NOMBRE, APELLIDO, CEDULA, FECHA_INGRESO, DOMICILIO_ID, EMAIL) VALUES(?,?,?,?,?,?) [42102-224]
[2024-05-28 19:12:51] [ INFO ] [BD_OD:22] tabla creada con exito
[2024-05-28 19:13:01] [ INFO ] [PacienteDAOH2:29] iniciando el guardado o agregado de paciente: Julian
[2024-05-28 19:13:01] [ INFO ] [DomicilioDAOH2:28] inicio del Guardado o agregado de domicilio: null
[2024-05-28 19:13:01] [ ERROR] [DomicilioDAOH2:53] Tabla "DOMICILIOS" no encontrada
Table "DOMICILIOS" not found; SQL statement:
INSERT INTO DOMICILIOS(CALLE, NUMERO, LOCALIDAD, PROVINCIA) VALUES(?,?,?,?) [42102-224]
[2024-05-28 19:13:01] [ ERROR] [PacienteDAOH2:64] Tabla "PACIENTES" no encontrada
Table "PACIENTES" not found; SQL statement:
INSERT INTO PACIENTES(NOMBRE, APELLIDO, CEDULA, FECHA_INGRESO, DOMICILIO_ID, EMAIL) VALUES(?,?,?,?,?,?) [42102-224]
[2024-05-28 19:17:04] [ INFO ] [BD_OD:22] tabla creada con exito
[2024-05-28 19:17:18] [ INFO ] [PacienteDAOH2:29] iniciando el guardado o agregado de paciente: Julian
[2024-05-28 19:17:18] [ INFO ] [DomicilioDAOH2:28] inicio del Guardado o agregado de domicilio: null
[2024-05-28 19:17:18] [ ERROR] [DomicilioDAOH2:53] Tabla "DOMICILIOS" no encontrada
Table "DOMICILIOS" not found; SQL statement:
INSERT INTO DOMICILIOS(CALLE, NUMERO, LOCALIDAD, PROVINCIA) VALUES(?,?,?,?) [42102-224]
[2024-05-28 19:17:18] [ ERROR] [PacienteDAOH2:64] Tabla "PACIENTES" no encontrada
Table "PACIENTES" not found; SQL statement:
INSERT INTO PACIENTES(NOMBRE, APELLIDO, CEDULA, FECHA_INGRESO, DOMICILIO_ID, EMAIL) VALUES(?,?,?,?,?,?) [42102-224]
[2024-05-28 19:20:18] [ INFO ] [BD_OD:22] tabla creada con exito
[2024-05-28 19:20:51] [ INFO ] [PacienteDAOH2:29] iniciando el guardado o agregado de paciente: Julian
[2024-05-28 19:21:07] [ INFO ] [DomicilioDAOH2:28] inicio del Guardado o agregado de domicilio: null
[2024-05-28 19:21:07] [ ERROR] [DomicilioDAOH2:53] Tabla "DOMICILIOS" no encontrada
Table "DOMICILIOS" not found; SQL statement:
INSERT INTO DOMICILIOS(CALLE, NUMERO, LOCALIDAD, PROVINCIA) VALUES(?,?,?,?) [42102-224]
[2024-05-28 19:22:42] [ ERROR] [PacienteDAOH2:64] Tabla "PACIENTES" no encontrada
Table "PACIENTES" not found; SQL statement:
INSERT INTO PACIENTES(NOMBRE, APELLIDO, CEDULA, FECHA_INGRESO, DOMICILIO_ID, EMAIL) VALUES(?,?,?,?,?,?) [42102-224]
[2024-05-28 19:25:41] [ INFO ] [BD:29] tabla creada con exito
[2024-05-28 19:25:51] [ INFO ] [PacienteDAOH2:29] iniciando el guardado o agregado de paciente: Julian
[2024-05-28 19:26:02] [ INFO ] [DomicilioDAOH2:28] inicio del Guardado o agregado de domicilio: null
[2024-05-28 19:26:10] [ INFO ] [DomicilioDAOH2:50] domicilio guardado
[2024-05-28 19:26:29] [ INFO ] [PacienteDAOH2:61] paciente guardado con exito
[2024-05-28 19:28:31] [ INFO ] [BD:29] tabla creada con exito
[2024-05-28 19:28:39] [ INFO ] [PacienteDAOH2:29] iniciando el guardado o agregado de paciente: Claudia
[2024-05-28 19:28:39] [ INFO ] [DomicilioDAOH2:28] inicio del Guardado o agregado de domicilio: null
[2024-05-28 19:28:39] [ INFO ] [DomicilioDAOH2:50] domicilio guardado
[2024-05-28 19:28:39] [ INFO ] [PacienteDAOH2:61] paciente guardado con exito
[2024-05-28 19:29:28] [ INFO ] [BD:29] tabla creada con exito
[2024-05-28 19:29:37] [ INFO ] [PacienteDAOH2:29] iniciando el guardado o agregado de paciente: Claudia
[2024-05-28 19:29:37] [ INFO ] [DomicilioDAOH2:28] inicio del Guardado o agregado de domicilio: null
[2024-05-28 19:29:37] [ INFO ] [DomicilioDAOH2:50] domicilio guardado
[2024-05-28 19:29:37] [ INFO ] [PacienteDAOH2:61] paciente guardado con exito
[2024-05-28 19:30:16] [ INFO ] [BD:29] tabla creada con exito
[2024-05-28 19:31:16] [ INFO ] [BD:29] tabla creada con exito
[2024-05-28 19:31:26] [ INFO ] [PacienteDAOH2:71] iniciando la operacion de buscado de un paciente con id : 3
[2024-05-28 20:25:13] [ INFO ] [BD:29] tabla creada con exito
[2024-05-28 20:28:29] [ INFO ] [BD:29] tabla creada con exito
[2024-05-28 20:28:57] [ INFO ] [BD:29] tabla creada con exito
[2024-05-28 20:33:36] [ INFO ] [BD:29] tabla creada con exito
[2024-05-28 20:35:31] [ INFO ] [BD:29] tabla creada con exito
[2024-05-28 20:36:34] [ INFO ] [PacienteDAOH2:29] iniciando el guardado o agregado de paciente: Diego
[2024-05-28 20:36:34] [ INFO ] [DomicilioDAOH2:26] inicio del Guardado o agregado de domicilio: null
[2024-05-28 20:36:34] [ INFO ] [DomicilioDAOH2:48] domicilio guardado
[2024-05-28 20:36:34] [ INFO ] [PacienteDAOH2:61] paciente guardado con exito
[2024-05-28 20:38:19] [ INFO ] [BD:29] tabla creada con exito
[2024-05-28 20:38:28] [ INFO ] [PacienteDAOH2:71] iniciando la operacion de buscado de un paciente con id : 3
[2024-05-28 20:39:21] [ INFO ] [PacienteDAOH2:29] iniciando el guardado o agregado de paciente: Lina
[2024-05-28 20:39:21] [ INFO ] [DomicilioDAOH2:26] inicio del Guardado o agregado de domicilio: null
[2024-05-28 20:39:21] [ INFO ] [DomicilioDAOH2:48] domicilio guardado
[2024-05-28 20:39:21] [ INFO ] [PacienteDAOH2:61] paciente guardado con exito
[2024-05-28 20:50:16] [ INFO ] [PacienteDAOH2:29] iniciando el guardado o agregado de paciente: Lorena
[2024-05-28 20:50:16] [ INFO ] [DomicilioDAOH2:26] inicio del Guardado o agregado de domicilio: null
[2024-05-28 20:50:16] [ INFO ] [DomicilioDAOH2:48] domicilio guardado
[2024-05-28 20:50:16] [ INFO ] [PacienteDAOH2:61] paciente guardado con exito
[2024-05-28 20:50:40] [ INFO ] [PacienteDAOH2:29] iniciando el guardado o agregado de paciente: Diana
[2024-05-28 20:50:40] [ INFO ] [DomicilioDAOH2:26] inicio del Guardado o agregado de domicilio: null
[2024-05-28 20:50:40] [ INFO ] [DomicilioDAOH2:48] domicilio guardado
[2024-05-28 20:50:40] [ INFO ] [PacienteDAOH2:61] paciente guardado con exito
[2024-05-28 20:53:22] [ INFO ] [PacienteDAOH2:71] iniciando la operacion de buscado de un paciente con id : 3
[2024-05-28 20:53:22] [ INFO ] [DomicilioDAOH2:58] iniciando la busqueda de un domicilio con id: 3
[2024-05-28 20:53:22] [ INFO ] [PacienteDAOH2:117] Iniciando la actualización del paciente con id: 3
[2024-05-28 20:53:22] [ INFO ] [DomicilioDAOH2:99] Iniciando la actualización del domicilio con id: 3
[2024-05-28 20:53:22] [ ERROR] [DomicilioDAOH2:119] Cannot invoke "java.sql.Connection.prepareStatement(String)" because "connection" is null
[2024-05-28 20:53:22] [ ERROR] [PacienteDAOH2:141] Cannot invoke "java.sql.Connection.prepareStatement(String)" because "connection" is null
[2024-05-28 20:53:30] [ INFO ] [PacienteDAOH2:71] iniciando la operacion de buscado de un paciente con id : 3
[2024-05-28 20:53:30] [ INFO ] [DomicilioDAOH2:58] iniciando la busqueda de un domicilio con id: 3
[2024-05-28 20:53:42] [ INFO ] [PacienteDAOH2:71] iniciando la operacion de buscado de un paciente con id : 4
[2024-05-28 20:53:42] [ INFO ] [DomicilioDAOH2:58] iniciando la busqueda de un domicilio con id: 4
[2024-05-28 20:53:47] [ INFO ] [PacienteDAOH2:71] iniciando la operacion de buscado de un paciente con id : 2
[2024-05-28 20:53:47] [ INFO ] [DomicilioDAOH2:58] iniciando la busqueda de un domicilio con id: 2
[2024-05-28 20:53:51] [ INFO ] [PacienteDAOH2:71] iniciando la operacion de buscado de un paciente con id : 1
[2024-05-28 20:53:51] [ INFO ] [DomicilioDAOH2:58] iniciando la busqueda de un domicilio con id: 1
[2024-05-28 20:53:55] [ INFO ] [PacienteDAOH2:71] iniciando la operacion de buscado de un paciente con id : 2
[2024-05-28 20:53:55] [ INFO ] [DomicilioDAOH2:58] iniciando la busqueda de un domicilio con id: 2
[2024-05-28 20:53:58] [ INFO ] [PacienteDAOH2:71] iniciando la operacion de buscado de un paciente con id : 3
[2024-05-28 20:53:58] [ INFO ] [DomicilioDAOH2:58] iniciando la busqueda de un domicilio con id: 3
[2024-05-28 20:54:02] [ INFO ] [PacienteDAOH2:71] iniciando la operacion de buscado de un paciente con id : 4
[2024-05-28 20:54:02] [ INFO ] [DomicilioDAOH2:58] iniciando la busqueda de un domicilio con id: 4
[2024-05-28 20:54:06] [ INFO ] [PacienteDAOH2:71] iniciando la operacion de buscado de un paciente con id : 5
[2024-05-28 20:54:06] [ INFO ] [DomicilioDAOH2:58] iniciando la busqueda de un domicilio con id: 5
[2024-05-28 20:54:11] [ INFO ] [PacienteDAOH2:71] iniciando la operacion de buscado de un paciente con id : 6
[2024-05-28 20:54:16] [ INFO ] [PacienteDAOH2:71] iniciando la operacion de buscado de un paciente con id : 5
[2024-05-28 20:54:16] [ INFO ] [DomicilioDAOH2:58] iniciando la busqueda de un domicilio con id: 5
[2024-05-28 20:54:47] [ INFO ] [PacienteDAOH2:71] iniciando la operacion de buscado de un paciente con id : 5
[2024-05-28 20:54:47] [ INFO ] [DomicilioDAOH2:58] iniciando la busqueda de un domicilio con id: 5
[2024-05-28 20:54:47] [ INFO ] [PacienteDAOH2:117] Iniciando la actualización del paciente con id: 5
[2024-05-28 20:54:47] [ INFO ] [DomicilioDAOH2:99] Iniciando la actualización del domicilio con id: 5
[2024-05-28 20:54:47] [ ERROR] [DomicilioDAOH2:119] Cannot invoke "java.sql.Connection.prepareStatement(String)" because "connection" is null
[2024-05-28 20:54:47] [ ERROR] [PacienteDAOH2:141] Cannot invoke "java.sql.Connection.prepareStatement(String)" because "connection" is null
[2024-05-28 20:54:57] [ INFO ] [PacienteDAOH2:71] iniciando la operacion de buscado de un paciente con id : 5
[2024-05-28 20:54:57] [ INFO ] [DomicilioDAOH2:58] iniciando la busqueda de un domicilio con id: 5
[2024-05-28 20:54:59] [ INFO ] [PacienteDAOH2:71] iniciando la operacion de buscado de un paciente con id : 5
[2024-05-28 20:54:59] [ INFO ] [DomicilioDAOH2:58] iniciando la busqueda de un domicilio con id: 5
[2024-05-28 20:55:06] [ INFO ] [PacienteDAOH2:71] iniciando la operacion de buscado de un paciente con id : 5
[2024-05-28 20:55:06] [ INFO ] [DomicilioDAOH2:58] iniciando la busqueda de un domicilio con id: 5
[2024-05-28 21:02:08] [ INFO ] [BD:29] tabla creada con exito
[2024-05-28 21:02:22] [ INFO ] [PacienteDAOH2:72] iniciando la operacion de buscado de un paciente con id : 4
[2024-05-28 21:02:28] [ INFO ] [PacienteDAOH2:72] iniciando la operacion de buscado de un paciente con id : 4
[2024-05-28 21:03:17] [ INFO ] [PacienteDAOH2:72] iniciando la operacion de buscado de un paciente con id : 4
[2024-05-28 21:03:23] [ INFO ] [PacienteDAOH2:72] iniciando la operacion de buscado de un paciente con id : 4
[2024-05-28 21:03:30] [ INFO ] [PacienteDAOH2:72] iniciando la operacion de buscado de un paciente con id : 1
[2024-05-28 21:03:30] [ INFO ] [DomicilioDAOH2:57] iniciando la busqueda de un domicilio con id: 1
[2024-05-28 21:03:34] [ INFO ] [PacienteDAOH2:72] iniciando la operacion de buscado de un paciente con id : 2
[2024-05-28 21:03:34] [ INFO ] [DomicilioDAOH2:57] iniciando la busqueda de un domicilio con id: 2
[2024-05-28 21:03:38] [ INFO ] [PacienteDAOH2:72] iniciando la operacion de buscado de un paciente con id : 3
[2024-05-28 21:03:51] [ INFO ] [PacienteDAOH2:30] iniciando el guardado o agregado de paciente: Diana
[2024-05-28 21:03:51] [ INFO ] [DomicilioDAOH2:25] inicio del Guardado o agregado de domicilio: null
[2024-05-28 21:03:51] [ INFO ] [DomicilioDAOH2:47] domicilio guardado
[2024-05-28 21:03:51] [ INFO ] [PacienteDAOH2:62] paciente guardado con exito
[2024-05-28 21:04:05] [ INFO ] [PacienteDAOH2:30] iniciando el guardado o agregado de paciente: Test
[2024-05-28 21:04:05] [ INFO ] [DomicilioDAOH2:25] inicio del Guardado o agregado de domicilio: null
[2024-05-28 21:04:05] [ INFO ] [DomicilioDAOH2:47] domicilio guardado
[2024-05-28 21:04:05] [ INFO ] [PacienteDAOH2:62] paciente guardado con exito
[2024-05-28 21:04:41] [ INFO ] [PacienteDAOH2:72] iniciando la operacion de buscado de un paciente con id : 3
[2024-05-28 21:04:41] [ INFO ] [DomicilioDAOH2:57] iniciando la busqueda de un domicilio con id: 3
[2024-05-28 21:04:41] [ INFO ] [PacienteDAOH2:118] Iniciando la actualización del paciente con id: 3
[2024-05-28 21:04:41] [ INFO ] [DomicilioDAOH2:98] Iniciando la actualización del domicilio con id: 3
[2024-05-28 21:04:41] [ ERROR] [DomicilioDAOH2:118] Cannot invoke "java.sql.Connection.prepareStatement(String)" because "connection" is null
[2024-05-28 21:04:41] [ ERROR] [PacienteDAOH2:142] Cannot invoke "java.sql.Connection.prepareStatement(String)" because "connection" is null
[2024-05-28 21:04:48] [ INFO ] [PacienteDAOH2:72] iniciando la operacion de buscado de un paciente con id : 3
[2024-05-28 21:04:48] [ INFO ] [DomicilioDAOH2:57] iniciando la busqueda de un domicilio con id: 3
[2024-05-28 21:08:21] [ INFO ] [PacienteDAOH2:72] iniciando la operacion de buscado de un paciente con id : 3
[2024-05-28 21:08:21] [ INFO ] [DomicilioDAOH2:57] iniciando la busqueda de un domicilio con id: 3
[2024-05-28 21:08:21] [ INFO ] [PacienteDAOH2:118] Iniciando la actualización del paciente con id: 3
[2024-05-28 21:08:21] [ INFO ] [DomicilioDAOH2:98] Iniciando la actualización del domicilio con id: 3
[2024-05-28 21:08:21] [ ERROR] [DomicilioDAOH2:118] Cannot invoke "java.sql.Connection.prepareStatement(String)" because "connection" is null
[2024-05-28 21:08:21] [ ERROR] [PacienteDAOH2:142] Cannot invoke "java.sql.Connection.prepareStatement(String)" because "connection" is null
[2024-05-28 21:08:27] [ INFO ] [PacienteDAOH2:72] iniciando la operacion de buscado de un paciente con id : 3
[2024-05-28 21:08:27] [ INFO ] [DomicilioDAOH2:57] iniciando la busqueda de un domicilio con id: 3
[2024-05-28 21:08:31] [ INFO ] [PacienteDAOH2:72] iniciando la operacion de buscado de un paciente con id : 2
[2024-05-28 21:08:31] [ INFO ] [DomicilioDAOH2:57] iniciando la busqueda de un domicilio con id: 2
[2024-05-28 21:08:36] [ INFO ] [PacienteDAOH2:72] iniciando la operacion de buscado de un paciente con id : 4
[2024-05-28 21:08:36] [ INFO ] [DomicilioDAOH2:57] iniciando la busqueda de un domicilio con id: 4
[2024-05-28 21:08:39] [ INFO ] [PacienteDAOH2:72] iniciando la operacion de buscado de un paciente con id : 5
[2024-05-28 21:08:44] [ INFO ] [PacienteDAOH2:72] iniciando la operacion de buscado de un paciente con id : 4
[2024-05-28 21:08:44] [ INFO ] [DomicilioDAOH2:57] iniciando la busqueda de un domicilio con id: 4
[2024-05-28 21:19:11] [ INFO ] [BD:33] tabla creada con exito
[2024-05-28 21:19:38] [ INFO ] [OdontologoDAOH2:24] inicio del guardado o agregado de odontologos
[2024-05-28 21:20:08] [ INFO ] [OdontologoDAOH2:24] inicio del guardado o agregado de odontologos
[2024-05-28 21:21:25] [ INFO ] [OdontologoDAOH2:55] iniciando la busqueda de un odontologo con id: 3
[2024-05-28 21:21:25] [ INFO ] [OdontologoDAOH2:97] iniciando la actualización de un odontologo con id: 3
[2024-05-28 21:21:25] [ ERROR] [OdontologoDAOH2:110] Cannot invoke "java.sql.Connection.prepareStatement(String)" because "connection" is null
[2024-05-28 21:22:04] [ INFO ] [OdontologoDAOH2:24] inicio del guardado o agregado de odontologos
[2024-05-28 21:22:41] [ INFO ] [OdontologoDAOH2:55] iniciando la busqueda de un odontologo con id: 6
[2024-05-28 21:23:55] [ INFO ] [OdontologoDAOH2:55] iniciando la busqueda de un odontologo con id: 6
[2024-05-30 19:14:28] [ INFO ] [BD:33] tabla creada con exito
[2024-05-30 19:16:26] [ INFO ] [BD:33] tabla creada con exito
[2024-05-30 19:18:26] [ INFO ] [BD:33] tabla creada con exito
[2024-05-30 19:18:36] [ INFO ] [OdontologoDAOH2:24] inicio del guardado o agregado de odontologos
[2024-05-30 19:18:51] [ INFO ] [PacienteDAOH2:30] iniciando el guardado o agregado de paciente: Test
[2024-05-30 19:18:51] [ INFO ] [DomicilioDAOH2:25] inicio del Guardado o agregado de domicilio: null
[2024-05-30 19:18:51] [ INFO ] [DomicilioDAOH2:47] domicilio guardado
[2024-05-30 19:18:51] [ INFO ] [PacienteDAOH2:62] paciente guardado con exito
[2024-05-30 21:18:31] [ INFO ] [BD:33] tabla creada con exito
[2024-05-30 21:20:30] [ INFO ] [BD:33] tabla creada con exito
[2024-05-30 21:22:23] [ INFO ] [BD:33] tabla creada con exito
[2024-05-30 21:26:52] [ INFO ] [BD:33] tabla creada con exito
[2024-05-30 21:27:03] [ INFO ] [OdontologoDAOH2:118] Iniciando la búsqueda de todos los odontologos
[2024-05-30 21:27:15] [ INFO ] [OdontologoDAOH2:24] inicio del guardado o agregado de odontologos
[2024-05-30 21:27:19] [ INFO ] [OdontologoDAOH2:118] Iniciando la búsqueda de todos los odontologos
[2024-05-30 21:27:22] [ INFO ] [OdontologoDAOH2:118] Iniciando la búsqueda de todos los odontologos
[2024-05-30 21:27:31] [ INFO ] [OdontologoDAOH2:118] Iniciando la búsqueda de todos los odontologos
[2024-05-30 21:27:44] [ INFO ] [OdontologoDAOH2:24] inicio del guardado o agregado de odontologos
[2024-05-30 21:27:50] [ INFO ] [PacienteDAOH2:30] iniciando el guardado o agregado de paciente: Test
[2024-05-30 21:27:50] [ INFO ] [DomicilioDAOH2:25] inicio del Guardado o agregado de domicilio: null
[2024-05-30 21:27:50] [ INFO ] [DomicilioDAOH2:47] domicilio guardado
[2024-05-30 21:27:50] [ INFO ] [PacienteDAOH2:62] paciente guardado con exito
[2024-05-30 21:28:12] [ INFO ] [OdontologoDAOH2:118] Iniciando la búsqueda de todos los odontologos
[2024-05-30 21:29:08] [ INFO ] [OdontologoDAOH2:24] inicio del guardado o agregado de odontologos
[2024-05-30 21:29:51] [ INFO ] [OdontologoDAOH2:118] Iniciando la búsqueda de todos los odontologos
[2024-05-30 21:30:00] [ INFO ] [OdontologoDAOH2:118] Iniciando la búsqueda de todos los odontologos
[2024-05-30 21:37:57] [ INFO ] [BD:33] tabla creada con exito
[2024-05-30 21:38:08] [ INFO ] [OdontologoDAOH2:22] inicio del guardado o agregado de odontologos
[2024-05-30 21:38:08] [ ERROR] [OdontologoDAOH2:46] Columna "MATRICULA" no encontrada
Column "MATRICULA" not found; SQL statement:
INSERT INTO ODONTOLOGOS(MATRICULA, NOMBRE, APELLIDO) VALUES(?,?,?) [42122-224]
[2024-05-30 21:38:34] [ INFO ] [OdontologoDAOH2:22] inicio del guardado o agregado de odontologos
[2024-05-30 21:38:34] [ ERROR] [OdontologoDAOH2:46] Columna "MATRICULA" no encontrada
Column "MATRICULA" not found; SQL statement:
INSERT INTO ODONTOLOGOS(MATRICULA, NOMBRE, APELLIDO) VALUES(?,?,?) [42122-224]
[2024-05-30 21:38:46] [ INFO ] [PacienteDAOH2:30] iniciando el guardado o agregado de paciente: Test
[2024-05-30 21:38:46] [ INFO ] [DomicilioDAOH2:25] inicio del Guardado o agregado de domicilio: null
[2024-05-30 21:38:46] [ INFO ] [DomicilioDAOH2:47] domicilio guardado
[2024-05-30 21:38:46] [ INFO ] [PacienteDAOH2:62] paciente guardado con exito
[2024-05-30 21:38:49] [ INFO ] [OdontologoDAOH2:22] inicio del guardado o agregado de odontologos
[2024-05-30 21:38:49] [ ERROR] [OdontologoDAOH2:46] Columna "MATRICULA" no encontrada
Column "MATRICULA" not found; SQL statement:
INSERT INTO ODONTOLOGOS(MATRICULA, NOMBRE, APELLIDO) VALUES(?,?,?) [42122-224]
[2024-05-30 21:39:06] [ INFO ] [OdontologoDAOH2:22] inicio del guardado o agregado de odontologos
[2024-05-30 21:39:06] [ ERROR] [OdontologoDAOH2:46] Columna "MATRICULA" no encontrada
Column "MATRICULA" not found; SQL statement:
INSERT INTO ODONTOLOGOS(MATRICULA, NOMBRE, APELLIDO) VALUES(?,?,?) [42122-224]
[2024-05-30 21:40:24] [ INFO ] [BD:33] tabla creada con exito
[2024-05-30 21:40:34] [ INFO ] [OdontologoDAOH2:22] inicio del guardado o agregado de odontologos
[2024-05-30 21:40:47] [ INFO ] [OdontologoDAOH2:116] Iniciando la búsqueda de todos los odontologos
[2024-05-30 21:41:31] [ INFO ] [OdontologoDAOH2:116] Iniciando la búsqueda de todos los odontologos
[2024-05-30 21:42:22] [ INFO ] [OdontologoDAOH2:116] Iniciando la búsqueda de todos los odontologos
[2024-05-30 21:43:02] [ INFO ] [OdontologoDAOH2:116] Iniciando la búsqueda de todos los odontologos
[2024-05-30 21:48:32] [ INFO ] [OdontologoDAOH2:116] Iniciando la búsqueda de todos los odontologos
[2024-05-30 21:53:00] [ INFO ] [OdontologoDAOH2:116] Iniciando la búsqueda de todos los odontologos
[2024-05-30 22:24:39] [ INFO ] [BD:33] tabla creada con exito
[2024-05-30 22:25:03] [ INFO ] [OdontologoDAOH2:22] inicio del guardado o agregado de odontologos
[2024-05-30 22:25:18] [ INFO ] [OdontologoDAOH2:116] Iniciando la búsqueda de todos los odontologos
[2024-05-30 22:25:46] [ INFO ] [OdontologoDAOH2:116] Iniciando la búsqueda de todos los odontologos
